<?xml version="1.0" encoding="UTF-8"?>
<!-- Generated by org.testng.reporters.JUnitXMLReporter -->
<testsuite ignored="0" hostname="LAPTOP-MSMG7D8C" failures="0" tests="5" name="Default test" time="8.94" errors="0" timestamp="2021-03-08T01:25:30 IST">
  <testcase classname="Projects.validateWebTableFixedHeader" name="checkWebTableFixedHeaderAmountCol" time="0.642"/>
  <testcase classname="Projects.validateWebTableFixedHeader" name="checkWebTableFixedHeaderColCount" time="0.029"/>
  <testcase classname="Projects.validateWebTableFixedHeader" name="checkWebTableFixedHeaderRowCount" time="0.021"/>
  <testcase classname="Projects.validateWebTableFixedHeader" name="checkWebTableFixedHeaderText" time="0.041"/>
  <testcase classname="Projects.validateWebTableFixedHeader" name="validateWebTableFixedHeaders" time="0.326"/>
</testsuite> <!-- Default test -->
