<?xml version="1.0" encoding="UTF-8"?>
<!-- Generated by org.testng.reporters.JUnitXMLReporter -->
<testsuite ignored="0" hostname="LAPTOP-MSMG7D8C" failures="0" tests="4" name="Default test" time="8.094" errors="0" timestamp="2021-03-08T00:19:24 IST">
  <testcase classname="Projects.validateWebTableFixedHeader" name="checkWebTableFixedHeaderColCount" time="0.156"/>
  <testcase classname="Projects.validateWebTableFixedHeader" name="checkWebTableFixedHeaderRowCount" time="0.025"/>
  <testcase classname="Projects.validateWebTableFixedHeader" name="checkWebTableFixedHeaderText" time="0.041"/>
  <testcase classname="Projects.validateWebTableFixedHeader" name="validateWebTableFixedHeaders" time="0.372"/>
</testsuite> <!-- Default test -->
