<?xml version="1.0" encoding="UTF-8"?>
<testng-results ignored="0" total="2" passed="2" failed="0" skipped="0">
  <reporter-output>
  </reporter-output>
  <suite started-at="2021-03-09T00:48:25 IST" name="Default suite" finished-at="2021-03-09T00:48:33 IST" duration-ms="8505">
    <groups>
    </groups>
    <test started-at="2021-03-09T00:48:25 IST" name="Default test" finished-at="2021-03-09T00:48:33 IST" duration-ms="8505">
      <class name="Projects.ValidateMouseHover">
        <test-method is-config="true" signature="startup()[pri:0, instance:Projects.ValidateMouseHover@6aa3a905]" started-at="2021-03-09T00:48:25 IST" name="startup" finished-at="2021-03-09T00:48:31 IST" duration-ms="6749" status="PASS">
          <reporter-output>
          </reporter-output>
        </test-method> <!-- startup -->
        <test-method signature="checkMouseHoverButton()[pri:0, instance:Projects.ValidateMouseHover@6aa3a905]" started-at="2021-03-09T00:48:31 IST" name="checkMouseHoverButton" finished-at="2021-03-09T00:48:33 IST" duration-ms="1510" status="PASS">
          <reporter-output>
          </reporter-output>
        </test-method> <!-- checkMouseHoverButton -->
        <test-method signature="checkMouseHoverText()[pri:0, instance:Projects.ValidateMouseHover@6aa3a905]" started-at="2021-03-09T00:48:33 IST" name="checkMouseHoverText" finished-at="2021-03-09T00:48:33 IST" duration-ms="33" status="PASS">
          <reporter-output>
          </reporter-output>
        </test-method> <!-- checkMouseHoverText -->
        <test-method is-config="true" signature="tearDown()[pri:0, instance:Projects.ValidateMouseHover@6aa3a905]" started-at="2021-03-09T00:48:33 IST" name="tearDown" finished-at="2021-03-09T00:48:33 IST" duration-ms="178" status="PASS">
          <reporter-output>
          </reporter-output>
        </test-method> <!-- tearDown -->
      </class> <!-- Projects.ValidateMouseHover -->
    </test> <!-- Default test -->
  </suite> <!-- Default suite -->
</testng-results>
